Traceback (most recent call last):
  File "/usr/local/lib/python3.10/site-packages/jupyter_cache/executors/utils.py", line 51, in single_nb_execution
    executenb(
  File "/usr/local/lib/python3.10/site-packages/nbclient/client.py", line 1204, in execute
    return NotebookClient(nb=nb, resources=resources, km=km, **kwargs).execute()
  File "/usr/local/lib/python3.10/site-packages/nbclient/util.py", line 84, in wrapped
    return just_run(coro(*args, **kwargs))
  File "/usr/local/lib/python3.10/site-packages/nbclient/util.py", line 62, in just_run
    return loop.run_until_complete(coro)
  File "/usr/local/Cellar/python@3.10/3.10.6_2/Frameworks/Python.framework/Versions/3.10/lib/python3.10/asyncio/base_events.py", line 646, in run_until_complete
    return future.result()
  File "/usr/local/lib/python3.10/site-packages/nbclient/client.py", line 663, in async_execute
    await self.async_execute_cell(
  File "/usr/local/lib/python3.10/site-packages/nbclient/client.py", line 965, in async_execute_cell
    await self._check_raise_for_error(cell, cell_index, exec_reply)
  File "/usr/local/lib/python3.10/site-packages/nbclient/client.py", line 862, in _check_raise_for_error
    raise CellExecutionError.from_cell_and_msg(cell, exec_reply_content)
nbclient.exceptions.CellExecutionError: An error occurred while executing the following cell:
------------------
import numpy as np
import matplotlib.pyplot as plt
import matplotlib.patches as patches
from myst_nb import glue
    
    
def circle(R, cx, cy, radius, colour):
    D, x, y = 5 - radius * radius, radius, 0
    while y <= x:
        for i in range(3):
            R[cx + x, cy + y, i] = colour[i]
            R[cx + x, cy - y, i] = colour[i]
            R[cx - x, cy + y, i] = colour[i]
            R[cx - x, cy - y, i] = colour[i] 
            R[cx + y, cy + x, i] = colour[i]
            R[cx + y, cy - x, i] = colour[i]
            R[cx - y, cy + x, i] = colour[i]
            R[cx - y, cy - x, i] = colour[i]
        
        if D > 0:
            D -= 8 * x - 8
            x -= 1
        
        D += 8 * y + 12
        y += 1
        
    return R


# Idealised image
face_cx, face_cy, face_r = 0.5, 0.5, 0.4
eye1_cx, eye1_cy, eye1_r = 0.33, 0.6, 0.06
eye2_cx, eye2_cy, eye2_r = 0.67, 0.6, 0.06

fig, ax = plt.subplots(1, 2, figsize=(12, 6))

circle1 = plt.Circle((face_cx, face_cy), face_r, color="#FFFF00", ec="k", lw=12)
circle2 = plt.Circle((eye1_cx, eye1_cy), eye1_r, color="k")
circle3 = plt.Circle((eye2_cx, eye2_cy), eye2_r, color="k")
arc = patches.Arc((0.5, 0.5), 0.5, 0.5, angle=0, theta1=210, theta2=330, lw=12)

ax[0].add_patch(circle1)
ax[0].add_patch(circle2)
ax[0].add_patch(circle3)
ax[0].add_patch(arc)
ax[0].set_aspect("equal")
ax[0].axis("off")

# Raster
n = 20
R = 255 * np.ones((n, n, 3)).astype(int)

for i in range(n+1):
    for j in range(n+1):
        if (i - face_cx * n + 1) ** 2 + (j - face_cy * n) ** 2 <= (face_r * n) ** 2:
            R[i,j,:] = [255, 255, 0]
            
        ax[1].add_patch(plt.Rectangle((i-0.5,j-0.5), 1, 1, fill=False))

R = circle(R, int(face_cx*n)-1, int(face_cy*n), int(face_r*n), [0, 0, 0])

R[6:8, 13:15, :] = [0,0,0]
R[6:8, 6:8, :] = [0,0,0]
R[12,6,:] = [0,0,0]
R[13,7:8,:] = [0,0,0]
R[14,8:13,:] = [0,0,0]
R[13,13:14,:] = [0,0,0]
R[12,14,:] = [0,0,0]

ax[1].imshow(np.flipud(R))
ax[1].set_aspect("equal")
ax[1].axis([-1, 21, -1, 21])
ax[1].axis("off")

glue("smiley-raster-plot", fig, display=False)
------------------

[0;31m---------------------------------------------------------------------------[0m
[0;31mModuleNotFoundError[0m                       Traceback (most recent call last)
Cell [0;32mIn[1], line 1[0m
[0;32m----> 1[0m [38;5;28;01mimport[39;00m [38;5;21;01mnumpy[39;00m [38;5;28;01mas[39;00m [38;5;21;01mnp[39;00m
[1;32m      2[0m [38;5;28;01mimport[39;00m [38;5;21;01mmatplotlib[39;00m[38;5;21;01m.[39;00m[38;5;21;01mpyplot[39;00m [38;5;28;01mas[39;00m [38;5;21;01mplt[39;00m
[1;32m      3[0m [38;5;28;01mimport[39;00m [38;5;21;01mmatplotlib[39;00m[38;5;21;01m.[39;00m[38;5;21;01mpatches[39;00m [38;5;28;01mas[39;00m [38;5;21;01mpatches[39;00m

[0;31mModuleNotFoundError[0m: No module named 'numpy'
ModuleNotFoundError: No module named 'numpy'

