Traceback (most recent call last):
  File "/usr/local/lib/python3.10/site-packages/jupyter_cache/executors/utils.py", line 51, in single_nb_execution
    executenb(
  File "/usr/local/lib/python3.10/site-packages/nbclient/client.py", line 1204, in execute
    return NotebookClient(nb=nb, resources=resources, km=km, **kwargs).execute()
  File "/usr/local/lib/python3.10/site-packages/nbclient/util.py", line 84, in wrapped
    return just_run(coro(*args, **kwargs))
  File "/usr/local/lib/python3.10/site-packages/nbclient/util.py", line 62, in just_run
    return loop.run_until_complete(coro)
  File "/usr/local/Cellar/python@3.10/3.10.6_2/Frameworks/Python.framework/Versions/3.10/lib/python3.10/asyncio/base_events.py", line 646, in run_until_complete
    return future.result()
  File "/usr/local/lib/python3.10/site-packages/nbclient/client.py", line 663, in async_execute
    await self.async_execute_cell(
  File "/usr/local/lib/python3.10/site-packages/nbclient/client.py", line 965, in async_execute_cell
    await self._check_raise_for_error(cell, cell_index, exec_reply)
  File "/usr/local/lib/python3.10/site-packages/nbclient/client.py", line 862, in _check_raise_for_error
    raise CellExecutionError.from_cell_and_msg(cell, exec_reply_content)
nbclient.exceptions.CellExecutionError: An error occurred while executing the following cell:
------------------
import numpy as np
import matplotlib.pyplot as plt
from myst_nb import glue
plt.rcParams['text.usetex'] = True

def drawline(img, x0, y0, x1, y1, colour):
    x, y, dx, dy = x0, y0, abs(x1 - x0), abs(y1 - y0)
    D = dx - dy
    xstep, ystep = 1, 1
    if x0 > x1:
        xstep = -1
    if y0 > y1:
        ystep = -1
    while True:
        img[y, x, :] = colour
        if x == x1 and y == y1:
            return img
        E = 2 * D
        if E >= -dy:
            x += xstep
            D -= dy
        if E <= dx:
            y += ystep
            D += dx
        
def rasteriseline(Nx, Ny, x0, y0, x1, y1):
    img = 255 * np.ones((Ny, Nx, 3)).astype(int)
    img = drawline(img, x0, y0, x1, y1, blue)
    fig, ax = plt.subplots()
    imgplot = plt.imshow(img)
    plt.plot([x0, x1], [y0, y1], "k", lw=2, solid_capstyle="round")
    for i in range(Nx):
        for j in range(Ny):
            ax.add_patch(plt.Rectangle((i-0.5,j-0.5), 1, 1, ec="k", fill=False))
    
    plt.xticks(range(Nx))
    return fig

        
Nx, Ny = 13, 7
x0, y0 = 1, 1
x1, y1 = 11, 5
blue = [210, 210, 255]
green = [230, 255, 230]
white = [255, 255, 255]
fig = rasteriseline(Nx, Ny, x0, y0, x1, y1)

glue("line-raster-plot", fig, display=False)
------------------

[0;31m---------------------------------------------------------------------------[0m
[0;31mModuleNotFoundError[0m                       Traceback (most recent call last)
Cell [0;32mIn[1], line 1[0m
[0;32m----> 1[0m [38;5;28;01mimport[39;00m [38;5;21;01mnumpy[39;00m [38;5;28;01mas[39;00m [38;5;21;01mnp[39;00m
[1;32m      2[0m [38;5;28;01mimport[39;00m [38;5;21;01mmatplotlib[39;00m[38;5;21;01m.[39;00m[38;5;21;01mpyplot[39;00m [38;5;28;01mas[39;00m [38;5;21;01mplt[39;00m
[1;32m      3[0m [38;5;28;01mfrom[39;00m [38;5;21;01mmyst_nb[39;00m [38;5;28;01mimport[39;00m glue

[0;31mModuleNotFoundError[0m: No module named 'numpy'
ModuleNotFoundError: No module named 'numpy'

