Traceback (most recent call last):
  File "/usr/local/lib/python3.10/site-packages/jupyter_cache/executors/utils.py", line 51, in single_nb_execution
    executenb(
  File "/usr/local/lib/python3.10/site-packages/nbclient/client.py", line 1204, in execute
    return NotebookClient(nb=nb, resources=resources, km=km, **kwargs).execute()
  File "/usr/local/lib/python3.10/site-packages/nbclient/util.py", line 84, in wrapped
    return just_run(coro(*args, **kwargs))
  File "/usr/local/lib/python3.10/site-packages/nbclient/util.py", line 62, in just_run
    return loop.run_until_complete(coro)
  File "/usr/local/Cellar/python@3.10/3.10.6_2/Frameworks/Python.framework/Versions/3.10/lib/python3.10/asyncio/base_events.py", line 646, in run_until_complete
    return future.result()
  File "/usr/local/lib/python3.10/site-packages/nbclient/client.py", line 663, in async_execute
    await self.async_execute_cell(
  File "/usr/local/lib/python3.10/site-packages/nbclient/client.py", line 965, in async_execute_cell
    await self._check_raise_for_error(cell, cell_index, exec_reply)
  File "/usr/local/lib/python3.10/site-packages/nbclient/client.py", line 862, in _check_raise_for_error
    raise CellExecutionError.from_cell_and_msg(cell, exec_reply_content)
nbclient.exceptions.CellExecutionError: An error occurred while executing the following cell:
------------------
import numpy as np
import matplotlib.pyplot as plt
import matplotlib.patches as patches
from myst_nb import glue
plt.rcParams['text.usetex'] = True

fig, ax = plt.subplots(figsize=(12,5))

white = np.array([255, 255, 255])
blue = np.array([128, 128, 128])
red = np.array([192, 192, 192])
green = np.array([0, 0, 0])
avg = (white + blue + red + green) // 4
yellow = [1, 1, 0]

plt.fill([0, 1, 1, 0], [0, 0, 1, 1], c=white/255, ec='k')
plt.fill([1, 2, 2, 1], [0, 0, 1, 1], c=blue/255, ec='k')
plt.fill([0, 1, 1, 0], [1, 1, 2, 2], c=red/255, ec='k')
plt.fill([1, 2, 2, 1], [1, 1, 2, 2], c=green/255, ec='k')
plt.fill([3, 5, 5, 3], [0, 0, 2, 2], c=avg/255, ec='k')
plt.text(0.5, 0.5, s=f"$({white[0]}, {white[1]}, {white[2]})$", fontsize=16, ha='center')
plt.text(1.5, 0.5, s=f"$({blue[0]}, {blue[1]}, {blue[2]})$", c='k', fontsize=16, ha='center')
plt.text(0.5, 1.5, s=f"$({red[0]}, {red[1]}, {red[2]})$", c='k', fontsize=16, ha='center')
plt.text(4, 1, s=f"$({avg[0]}, {avg[1]}, {avg[2]})$", c='k', fontsize=16, ha='center')
plt.text(1.5, 1.5, s=f"$({green[0]}, {green[1]}, {green[2]})$", c='w', fontsize=16, ha='center')
plt.text(1, -0.2, s='$\\times 2$ super sample', fontsize=16, ha='center')
plt.text(4, -0.2, s='display pixel', fontsize=16, ha='center')
plt.axis('equal')
plt.axis('off')
plt.show()

glue("super-sample-aa-plot", fig, display=False)
------------------

[0;31m---------------------------------------------------------------------------[0m
[0;31mModuleNotFoundError[0m                       Traceback (most recent call last)
Cell [0;32mIn[1], line 1[0m
[0;32m----> 1[0m [38;5;28;01mimport[39;00m [38;5;21;01mnumpy[39;00m [38;5;28;01mas[39;00m [38;5;21;01mnp[39;00m
[1;32m      2[0m [38;5;28;01mimport[39;00m [38;5;21;01mmatplotlib[39;00m[38;5;21;01m.[39;00m[38;5;21;01mpyplot[39;00m [38;5;28;01mas[39;00m [38;5;21;01mplt[39;00m
[1;32m      3[0m [38;5;28;01mimport[39;00m [38;5;21;01mmatplotlib[39;00m[38;5;21;01m.[39;00m[38;5;21;01mpatches[39;00m [38;5;28;01mas[39;00m [38;5;21;01mpatches[39;00m

[0;31mModuleNotFoundError[0m: No module named 'numpy'
ModuleNotFoundError: No module named 'numpy'

