Traceback (most recent call last):
  File "/usr/local/lib/python3.10/site-packages/jupyter_cache/executors/utils.py", line 51, in single_nb_execution
    executenb(
  File "/usr/local/lib/python3.10/site-packages/nbclient/client.py", line 1204, in execute
    return NotebookClient(nb=nb, resources=resources, km=km, **kwargs).execute()
  File "/usr/local/lib/python3.10/site-packages/nbclient/util.py", line 84, in wrapped
    return just_run(coro(*args, **kwargs))
  File "/usr/local/lib/python3.10/site-packages/nbclient/util.py", line 62, in just_run
    return loop.run_until_complete(coro)
  File "/usr/local/Cellar/python@3.10/3.10.6_2/Frameworks/Python.framework/Versions/3.10/lib/python3.10/asyncio/base_events.py", line 646, in run_until_complete
    return future.result()
  File "/usr/local/lib/python3.10/site-packages/nbclient/client.py", line 663, in async_execute
    await self.async_execute_cell(
  File "/usr/local/lib/python3.10/site-packages/nbclient/client.py", line 965, in async_execute_cell
    await self._check_raise_for_error(cell, cell_index, exec_reply)
  File "/usr/local/lib/python3.10/site-packages/nbclient/client.py", line 862, in _check_raise_for_error
    raise CellExecutionError.from_cell_and_msg(cell, exec_reply_content)
nbclient.exceptions.CellExecutionError: An error occurred while executing the following cell:
------------------
import numpy as np
import matplotlib.pyplot as plt
import matplotlib.image as mpimg
import matplotlib.patches as patches
from myst_nb import glue
plt.rcParams['text.usetex'] = True


def plotarray(x0, y0, X):
    for i in range(X.shape[0]):
        for j in range(X.shape[1]):
            x, y = x0 + i, y0 + j
            plt.fill([x, x+w, x+w, x], [y, y, y+w, y+w], fc='w', ec='k')
            plt.text(x+0.5*w, y+0.5*w-0.2, s=f'{X[i,j]}', ha='center', fontsize=14)

            
X = np.array([[1, 3, 2, 5, 4], [2, 5, 1, 4, 5], [1, 5, 2, 3, 2], [4, 1, 2, 4, 3], [4, 1, 5 ,2, 3]])
K = np.array([[1, 2, 1], [2, 4, 2], [1, 2, 1]])
K = np.around(K / np.sum(K), 2)
K[1,1] = 0.30

fig, ax = plt.subplots(figsize=(10, 4))

w = 1
x0, y0 = 0, 0
x1, y1 = 7, 1
plotarray(x0, y0, X)
plotarray(x1, y1, K)

for i in range(3):
    for j in range(3):
        plt.fill([i, i+w, i+w, i], [2+j, 2+j, 2+j+w, 2+j+w], fill=False, ec='k', lw=2)
        plt.fill([x1+i, x1+i+w, x1+i+w, x1+i], [y1+j, y1+j, y1+j+w, y1+j+w], fill=False, ec='k', lw=2)
        plt.fill([x1+5+i, x1+5+i+w, x1+5+i+w, x1+5+i], [y1+j, y1+j, y1+j+w, y1+j+w], fill=False, ec='k', lw=1)

        
plt.text(12.5, 3.3, s="3.48", fontsize=16,ha='center')
plt.text(2, -0.75, s="image", fontsize=16,ha='center')
plt.text(8.5, -0.75, s="kernel", fontsize=16,ha='center')
plt.text(13.5, -0.75, s="filtered image", fontsize=16,ha='center')
plt.axis('equal')
plt.axis('off')
plt.show()
glue("convolution-plot", fig, display=False)
------------------

[0;31m---------------------------------------------------------------------------[0m
[0;31mModuleNotFoundError[0m                       Traceback (most recent call last)
Cell [0;32mIn[1], line 1[0m
[0;32m----> 1[0m [38;5;28;01mimport[39;00m [38;5;21;01mnumpy[39;00m [38;5;28;01mas[39;00m [38;5;21;01mnp[39;00m
[1;32m      2[0m [38;5;28;01mimport[39;00m [38;5;21;01mmatplotlib[39;00m[38;5;21;01m.[39;00m[38;5;21;01mpyplot[39;00m [38;5;28;01mas[39;00m [38;5;21;01mplt[39;00m
[1;32m      3[0m [38;5;28;01mimport[39;00m [38;5;21;01mmatplotlib[39;00m[38;5;21;01m.[39;00m[38;5;21;01mimage[39;00m [38;5;28;01mas[39;00m [38;5;21;01mmpimg[39;00m

[0;31mModuleNotFoundError[0m: No module named 'numpy'
ModuleNotFoundError: No module named 'numpy'

